[2025-07-24 06:37:22] Installing packages from requirements.txt
Collecting APScheduler==3.10.1
  Using cached APScheduler-3.10.1-py3-none-any.whl (59 kB)
Collecting async-timeout==5.0.1
  Using cached async_timeout-5.0.1-py3-none-any.whl (6.2 kB)
Collecting cachetools==5.5.0
  Using cached cachetools-5.5.0-py3-none-any.whl (9.5 kB)
Collecting certifi==2025.4.26
  Using cached certifi-2025.4.26-py3-none-any.whl (159 kB)
Collecting charset-normalizer==3.4.2
  Using cached charset_normalizer-3.4.2-cp38-cp38-manylinux_2_17_aarch64.manylinux2014_aarch64.whl (143 kB)
Collecting coloredlogs==15.0.1
  Using cached coloredlogs-15.0.1-py2.py3-none-any.whl (46 kB)
Collecting cycler==0.12.1
  Using cached cycler-0.12.1-py3-none-any.whl (8.3 kB)
Collecting filelock==3.16.1
  Using cached filelock-3.16.1-py3-none-any.whl (16 kB)
Collecting flatbuffers==25.2.10
  Using cached flatbuffers-25.2.10-py2.py3-none-any.whl (30 kB)
Collecting fsspec==2025.3.0
  Using cached fsspec-2025.3.0-py3-none-any.whl (193 kB)
Collecting gmc==1.0.0
  Using cached gmc-1.0.0-py3-none-any.whl (25 kB)
Collecting humanfriendly==10.0
  Using cached humanfriendly-10.0-py2.py3-none-any.whl (86 kB)
Collecting idna==3.10
  Using cached idna-3.10-py3-none-any.whl (70 kB)
Collecting isodate==0.7.2
  Using cached isodate-0.7.2-py3-none-any.whl (22 kB)
Requirement already satisfied: Jinja2==3.1.6 in ./usr/lib/python3.8/site-packages (from -r /storage/sd/python-init/requirements.txt (line 16)) (3.1.6)
Collecting lazy_loader==0.4
  Using cached lazy_loader-0.4-py3-none-any.whl (12 kB)
Requirement already satisfied: MarkupSafe==2.1.5 in ./usr/lib/python3.8/site-packages (from -r /storage/sd/python-init/requirements.txt (line 18)) (2.1.5)
Collecting mpmath==1.3.0
  Using cached mpmath-1.3.0-py3-none-any.whl (536 kB)
Requirement already satisfied: networkx==3.1 in ./usr/lib/python3.8/site-packages (from -r /storage/sd/python-init/requirements.txt (line 20)) (3.1)
Collecting packaging==25.0
  Using cached packaging-25.0-py3-none-any.whl (66 kB)
Collecting protobuf==3.20.3
  Using cached protobuf-3.20.3-cp38-cp38-manylinux2014_aarch64.whl (918 kB)
Collecting psutil==7.0.0
  Using cached psutil-7.0.0-cp36-abi3-manylinux_2_17_aarch64.manylinux2014_aarch64.whl (279 kB)
Collecting py-cpuinfo==9.0.0
  Using cached py_cpuinfo-9.0.0-py3-none-any.whl (22 kB)
Collecting pyparsing==3.1.4
  Using cached pyparsing-3.1.4-py3-none-any.whl (104 kB)
Collecting pyserial==3.4
  Using cached pyserial-3.4-py2.py3-none-any.whl (193 kB)
Collecting python-dateutil==2.8.2
  Using cached python_dateutil-2.8.2-py2.py3-none-any.whl (247 kB)
Collecting pytz==2021.3
  Using cached pytz-2021.3-py2.py3-none-any.whl (503 kB)
Collecting PyYAML==6.0.2
  Using cached PyYAML-6.0.2-cp38-cp38-manylinux_2_17_aarch64.manylinux2014_aarch64.whl (728 kB)
Collecting redis==5.2.1
  Using cached redis-5.2.1-py3-none-any.whl (261 kB)
Collecting requests==2.32.4
  Using cached requests-2.32.4-py3-none-any.whl (64 kB)
Collecting scipy==1.10.1
  Using cached scipy-1.10.1-cp38-cp38-manylinux_2_17_aarch64.manylinux2014_aarch64.whl (31.0 MB)
Collecting seaborn==0.11.2
  Using cached seaborn-0.11.2-py3-none-any.whl (292 kB)
Collecting pandas==1.3.5
  Using cached pandas-1.3.5-cp38-cp38-manylinux_2_17_aarch64.manylinux2014_aarch64.whl (10.9 MB)
Collecting six==1.17.0
  Using cached six-1.17.0-py2.py3-none-any.whl (11 kB)
Collecting sympy==1.13.1
  Using cached sympy-1.13.1-py3-none-any.whl (6.2 MB)
Collecting termcolor==2.4.0
  Using cached termcolor-2.4.0-py3-none-any.whl (7.7 kB)
Collecting tqdm==4.67.1
  Using cached tqdm-4.67.1-py3-none-any.whl (78 kB)
Requirement already satisfied: typing_extensions==4.13.2 in ./usr/lib/python3.8/site-packages (from -r /storage/sd/python-init/requirements.txt (line 39)) (4.13.2)
Collecting tzlocal==2.1
  Using cached tzlocal-2.1-py2.py3-none-any.whl (16 kB)
Collecting urllib3==2.2.3
  Using cached urllib3-2.2.3-py3-none-any.whl (126 kB)
Collecting watchdog==4.0.2
  Using cached watchdog-4.0.2-py3-none-manylinux2014_aarch64.whl (82 kB)
Collecting yacs==0.1.8
  Using cached yacs-0.1.8-py3-none-any.whl (14 kB)
Collecting numpy==1.24.4
  Using cached numpy-1.24.4-cp38-cp38-manylinux_2_17_aarch64.manylinux2014_aarch64.whl (14.0 MB)
Requirement already satisfied: pillow==6.2.1 in ./usr/lib/python3.8/site-packages (from -r /storage/sd/python-init/requirements.txt (line 47)) (6.2.1)
Collecting opencv-python==4.11.0.86
  Using cached opencv_python-4.11.0.86-cp37-abi3-manylinux_2_17_aarch64.manylinux2014_aarch64.whl (42.2 MB)
Requirement already satisfied: setuptools>=0.7 in ./usr/lib/python3.8/site-packages (from APScheduler==3.10.1->-r /storage/sd/python-init/requirements.txt (line 2)) (45.2.0)
Collecting matplotlib>=2.2
  Using cached matplotlib-3.7.5-cp38-cp38-manylinux_2_17_aarch64.manylinux2014_aarch64.whl (11.4 MB)
Collecting contourpy>=1.0.1
  Using cached contourpy-1.1.1-cp38-cp38-manylinux_2_17_aarch64.manylinux2014_aarch64.whl (285 kB)
Collecting importlib-resources>=3.2.0; python_version < "3.10"
  Using cached importlib_resources-6.4.5-py3-none-any.whl (36 kB)
Collecting kiwisolver>=1.0.1
  Using cached kiwisolver-1.4.7-cp38-cp38-manylinux_2_17_aarch64.manylinux2014_aarch64.whl (1.4 MB)
Collecting fonttools>=4.22.0
  Using cached fonttools-4.57.0-cp38-cp38-manylinux_2_17_aarch64.manylinux2014_aarch64.whl (4.6 MB)
Collecting zipp>=3.1.0; python_version < "3.10"
  Using cached zipp-3.20.2-py3-none-any.whl (9.2 kB)
Installing collected packages: pytz, tzlocal, six, APScheduler, async-timeout, cachetools, certifi, charset-normalizer, humanfriendly, coloredlogs, cycler, filelock, flatbuffers, fsspec, pyserial, gmc, idna, isodate, packaging, lazy-loader, mpmath, protobuf, psutil, py-cpuinfo, pyparsing, python-dateutil, PyYAML, redis, urllib3, requests, numpy, scipy, contourpy, zipp, importlib-resources, kiwisolver, fonttools, matplotlib, pandas, seaborn, sympy, termcolor, tqdm, watchdog, yacs, opencv-python
  Attempting uninstall: psutil
    Found existing installation: psutil 5.9.0
    Uninstalling psutil-5.9.0:
      Successfully uninstalled psutil-5.9.0
  Attempting uninstall: numpy
    Found existing installation: numpy 1.17.4
    Uninstalling numpy-1.17.4:
      Successfully uninstalled numpy-1.17.4
  Attempting uninstall: tqdm
    Found existing installation: tqdm 4.64.1
    Uninstalling tqdm-4.64.1:
      Successfully uninstalled tqdm-4.64.1
Successfully installed APScheduler-3.10.1 PyYAML-6.0.2 async-timeout-5.0.1 cachetools-5.5.0 certifi-2025.4.26 charset-normalizer-3.4.2 coloredlogs-15.0.1 contourpy-1.1.1 cycler-0.12.1 filelock-3.16.1 flatbuffers-25.2.10 fonttools-4.57.0 fsspec-2025.3.0 gmc-1.0.0 humanfriendly-10.0 idna-3.10 importlib-resources-6.4.5 isodate-0.7.2 kiwisolver-1.4.7 lazy-loader-0.4 matplotlib-3.7.5 mpmath-1.3.0 numpy-1.24.4 opencv-python-4.11.0.86 packaging-25.0 pandas-1.3.5 protobuf-3.20.3 psutil-7.0.0 py-cpuinfo-9.0.0 pyparsing-3.1.4 pyserial-3.4 python-dateutil-2.8.2 pytz-2021.3 redis-5.2.1 requests-2.32.4 scipy-1.10.1 seaborn-0.11.2 six-1.17.0 sympy-1.13.1 termcolor-2.4.0 tqdm-4.67.1 tzlocal-2.1 urllib3-2.2.3 watchdog-4.0.2 yacs-0.1.8 zipp-3.20.2
[2025-07-24 06:38:13] Package installation completed successfully
